<?xml version="1.0" encoding="UTF-8"?>
<!-- Generated by org.testng.reporters.JUnitXMLReporter -->
<testsuite ignored="0" hostname="Rajs-MacBook-Air.local" failures="7" tests="7" name="Surefire test" time="49.128" errors="0" timestamp="2025-04-20T23:22:41 IST">
  <testcase classname="io.cucumber.testng.AbstractTestNGCucumberTests" name="runScenario" time="16.857">
    <failure type="java.lang.AssertionError" message="expected [true] but found [false]">
      <![CDATA[java.lang.AssertionError: expected [true] but found [false]
at stepdefinitions.LoginSteps.should_see_in_header(LoginSteps.java:22)
at ✽.I should see "My account" in the header(file:///Users/rajprajapati/CascadeProjects/Playwright_With_Java/src/test/resources/features/Login.feature:8)
... Removed 4 stack frames]]>
    </failure>
  </testcase> <!-- runScenario -->
  <testcase classname="io.cucumber.testng.AbstractTestNGCucumberTests" name="runScenario" time="24.491">
    <failure type="io.cucumber.testng.UndefinedStepException" message="The step &amp;apos;I click the search button&amp;apos; is undefined.
You can implement this step using the snippet(s) below:

@When(&amp;quot;I click the search button&amp;quot;)
public void i_click_the_search_button() {
    // Write code here that turns the phrase above into concrete actions
    throw new io.cucumber.java.PendingException();
}
">
      <![CDATA[io.cucumber.testng.UndefinedStepException: The step 'I click the search button' is undefined.
You can implement this step using the snippet(s) below:

@When("I click the search button")
public void i_click_the_search_button() {
    // Write code here that turns the phrase above into concrete actions
    throw new io.cucumber.java.PendingException();
}

at io.cucumber.core.runtime.TestCaseResultObserver.assertTestCasePassed(TestCaseResultObserver.java:69)
at io.cucumber.testng.TestCaseResultObserver.assertTestCasePassed(TestCaseResultObserver.java:23)
at io.cucumber.testng.TestNGCucumberRunner.lambda$runScenario$1(TestNGCucumberRunner.java:133)
at io.cucumber.core.runtime.CucumberExecutionContext.lambda$runTestCase$5(CucumberExecutionContext.java:137)
at io.cucumber.core.runtime.RethrowingThrowableCollector.executeAndThrow(RethrowingThrowableCollector.java:23)
at io.cucumber.core.runtime.CucumberExecutionContext.runTestCase(CucumberExecutionContext.java:137)
at io.cucumber.testng.TestNGCucumberRunner.runScenario(TestNGCucumberRunner.java:129)
at io.cucumber.testng.AbstractTestNGCucumberTests.runScenario(AbstractTestNGCucumberTests.java:35)
at java.base/java.util.ArrayList.forEach(ArrayList.java:1597)
... Removed 30 stack frames]]>
    </failure>
  </testcase> <!-- runScenario -->
  <testcase classname="io.cucumber.testng.AbstractTestNGCucumberTests" name="runScenario" time="2.93">
    <failure type="com.microsoft.playwright.impl.TargetClosedError" message="Error {
  message=&amp;apos;Target page, context or browser has been closed
  name=&amp;apos;TargetClosedError
  stack=&amp;apos;TargetClosedError: Target page, context or browser has been closed
    at DispatcherConnection.dispatch (/private/var/folders/sr/vtqrlkwn2t51ng8f2prxmvc40000gn/T/playwright-java-15833966131205632047/package/lib/server/dispatchers/dispatcher.js:375:15)
}
Call log:
- waiting for locator(&amp;quot;ul.top-menu a:has-text(&amp;apos;Books&amp;apos;)&amp;quot;)
-   locator resolved to 4 elements. Proceeding with the first one: &amp;lt;a href=&amp;quot;/notebooks&amp;quot;&amp;gt;Notebooks &amp;lt;/a&amp;gt;
- attempting click action
-   waiting for element to be visible, enabled and stable
-   element is not visible
- retrying click action, attempt #1
-   waiting for element to be visible, enabled and stable
-   element is not visible
- retrying click action, attempt #2
-   waiting 20ms
-   waiting for element to be visible, enabled and stable
-   element is not visible
- retrying click action, attempt #3
-   waiting 100ms
-   waiting for element to be visible, enabled and stable
-   element is not visible
- retrying click action, attempt #4
-   waiting 100ms
-   waiting for element to be visible, enabled and stable
-   element is not visible
- retrying click action, attempt #5
-   waiting 500ms
-   waiting for element to be visible, enabled and stable
-   element is not visible
- retrying click action, attempt #6
-   waiting 500ms
">
      <![CDATA[com.microsoft.playwright.impl.TargetClosedError: Error {
  message='Target page, context or browser has been closed
  name='TargetClosedError
  stack='TargetClosedError: Target page, context or browser has been closed
    at DispatcherConnection.dispatch (/private/var/folders/sr/vtqrlkwn2t51ng8f2prxmvc40000gn/T/playwright-java-15833966131205632047/package/lib/server/dispatchers/dispatcher.js:375:15)
}
Call log:
- waiting for locator("ul.top-menu a:has-text('Books')")
-   locator resolved to 4 elements. Proceeding with the first one: <a href="/notebooks">Notebooks </a>
- attempting click action
-   waiting for element to be visible, enabled and stable
-   element is not visible
- retrying click action, attempt #1
-   waiting for element to be visible, enabled and stable
-   element is not visible
- retrying click action, attempt #2
-   waiting 20ms
-   waiting for element to be visible, enabled and stable
-   element is not visible
- retrying click action, attempt #3
-   waiting 100ms
-   waiting for element to be visible, enabled and stable
-   element is not visible
- retrying click action, attempt #4
-   waiting 100ms
-   waiting for element to be visible, enabled and stable
-   element is not visible
- retrying click action, attempt #5
-   waiting 500ms
-   waiting for element to be visible, enabled and stable
-   element is not visible
- retrying click action, attempt #6
-   waiting 500ms

at com.microsoft.playwright.impl.WaitableResult.get(WaitableResult.java:54)
at com.microsoft.playwright.impl.ChannelOwner.runUntil(ChannelOwner.java:120)
at com.microsoft.playwright.impl.Connection.sendMessage(Connection.java:130)
at com.microsoft.playwright.impl.ChannelOwner.sendMessage(ChannelOwner.java:106)
at com.microsoft.playwright.impl.FrameImpl.clickImpl(FrameImpl.java:252)
at com.microsoft.playwright.impl.PageImpl.lambda$click$18(PageImpl.java:677)
at com.microsoft.playwright.impl.LoggingSupport.lambda$withLogging$0(LoggingSupport.java:36)
at com.microsoft.playwright.impl.LoggingSupport.withLogging(LoggingSupport.java:47)
at com.microsoft.playwright.impl.ChannelOwner.withLogging(ChannelOwner.java:89)
at com.microsoft.playwright.impl.LoggingSupport.withLogging(LoggingSupport.java:35)
at com.microsoft.playwright.impl.PageImpl.click(PageImpl.java:676)
at com.microsoft.playwright.Page.click(Page.java:3952)
at pageobjects.HomePage.selectMenu(HomePage.java:25)
at stepdefinitions.LoginSteps.select_menu(LoginSteps.java:39)
at ✽.I select "Books" from the top menu(file:///Users/rajprajapati/CascadeProjects/Playwright_With_Java/src/test/resources/features/Login.feature:18)
Caused by: com.microsoft.playwright.impl.TargetClosedError: Error {
  message='Target page, context or browser has been closed
  name='TargetClosedError
  stack='TargetClosedError: Target page, context or browser has been closed
    at DispatcherConnection.dispatch (/private/var/folders/sr/vtqrlkwn2t51ng8f2prxmvc40000gn/T/playwright-java-15833966131205632047/package/lib/server/dispatchers/dispatcher.js:375:15)
}
Call log:
- waiting for locator("ul.top-menu a:has-text('Books')")
-   locator resolved to 4 elements. Proceeding with the first one: <a href="/notebooks">Notebooks </a>
- attempting click action
-   waiting for element to be visible, enabled and stable
-   element is not visible
- retrying click action, attempt #1
-   waiting for element to be visible, enabled and stable
-   element is not visible
- retrying click action, attempt #2
-   waiting 20ms
-   waiting for element to be visible, enabled and stable
-   element is not visible
- retrying click action, attempt #3
-   waiting 100ms
-   waiting for element to be visible, enabled and stable
-   element is not visible
- retrying click action, attempt #4
-   waiting 100ms
-   waiting for element to be visible, enabled and stable
-   element is not visible
- retrying click action, attempt #5
-   waiting 500ms
-   waiting for element to be visible, enabled and stable
-   element is not visible
- retrying click action, attempt #6
-   waiting 500ms

at com.microsoft.playwright.impl.Connection.dispatch(Connection.java:256)
at com.microsoft.playwright.impl.Connection.processOneMessage(Connection.java:211)
at com.microsoft.playwright.impl.ChannelOwner.runUntil(ChannelOwner.java:118)
at com.microsoft.playwright.impl.Connection.sendMessage(Connection.java:130)
at com.microsoft.playwright.impl.ChannelOwner.sendMessage(ChannelOwner.java:106)
at com.microsoft.playwright.impl.FrameImpl.clickImpl(FrameImpl.java:252)
at com.microsoft.playwright.impl.PageImpl.lambda$click$18(PageImpl.java:677)
at com.microsoft.playwright.impl.LoggingSupport.lambda$withLogging$0(LoggingSupport.java:36)
at com.microsoft.playwright.impl.LoggingSupport.withLogging(LoggingSupport.java:47)
at com.microsoft.playwright.impl.ChannelOwner.withLogging(ChannelOwner.java:89)
at com.microsoft.playwright.impl.LoggingSupport.withLogging(LoggingSupport.java:35)
at com.microsoft.playwright.impl.PageImpl.click(PageImpl.java:676)
at com.microsoft.playwright.Page.click(Page.java:3952)
at pageobjects.HomePage.selectMenu(HomePage.java:25)
at stepdefinitions.LoginSteps.select_menu(LoginSteps.java:39)
at io.cucumber.java.Invoker.doInvoke(Invoker.java:66)
at io.cucumber.java.Invoker.invoke(Invoker.java:24)
at io.cucumber.java.AbstractGlueDefinition.invokeMethod(AbstractGlueDefinition.java:47)
at io.cucumber.java.JavaStepDefinition.execute(JavaStepDefinition.java:29)
at io.cucumber.core.runner.CoreStepDefinition.execute(CoreStepDefinition.java:66)
at io.cucumber.core.runner.PickleStepDefinitionMatch.runStep(PickleStepDefinitionMatch.java:63)
at io.cucumber.core.runner.ExecutionMode$1.execute(ExecutionMode.java:10)
at io.cucumber.core.runner.TestStep.executeStep(TestStep.java:84)
at io.cucumber.core.runner.TestStep.run(TestStep.java:56)
at io.cucumber.core.runner.PickleStepTestStep.run(PickleStepTestStep.java:51)
at io.cucumber.core.runner.TestCase.run(TestCase.java:84)
at io.cucumber.core.runner.Runner.runPickle(Runner.java:75)
at io.cucumber.testng.TestNGCucumberRunner.lambda$runScenario$1(TestNGCucumberRunner.java:132)
at io.cucumber.core.runtime.CucumberExecutionContext.lambda$runTestCase$5(CucumberExecutionContext.java:137)
at io.cucumber.core.runtime.RethrowingThrowableCollector.executeAndThrow(RethrowingThrowableCollector.java:23)
at io.cucumber.core.runtime.CucumberExecutionContext.runTestCase(CucumberExecutionContext.java:137)
at io.cucumber.testng.TestNGCucumberRunner.runScenario(TestNGCucumberRunner.java:129)
at io.cucumber.testng.AbstractTestNGCucumberTests.runScenario(AbstractTestNGCucumberTests.java:35)
at java.base/java.util.ArrayList.forEach(ArrayList.java:1597)
... Removed 32 stack frames]]>
    </failure>
  </testcase> <!-- runScenario -->
  <testcase classname="io.cucumber.testng.AbstractTestNGCucumberTests" name="runScenario" time="1.53">
    <failure type="com.microsoft.playwright.PlaywrightException" message="Error {
  message=&amp;apos;net::ERR_ABORTED; maybe frame was detached?
  name=&amp;apos;Error
  stack=&amp;apos;Error: net::ERR_ABORTED; maybe frame was detached?
    at FrameManager.frameAbortedNavigation (/private/var/folders/sr/vtqrlkwn2t51ng8f2prxmvc40000gn/T/playwright-java-15833966131205632047/package/lib/server/frames.js:216:14)
    at FrameManager.requestFailed (/private/var/folders/sr/vtqrlkwn2t51ng8f2prxmvc40000gn/T/playwright-java-15833966131205632047/package/lib/server/frames.js:276:12)
    at CRNetworkManager._onLoadingFailed (/private/var/folders/sr/vtqrlkwn2t51ng8f2prxmvc40000gn/T/playwright-java-15833966131205632047/package/lib/server/chromium/crNetworkManager.js:511:134)
    at CRSession.emit (node:events:518:28)
    at /private/var/folders/sr/vtqrlkwn2t51ng8f2prxmvc40000gn/T/playwright-java-15833966131205632047/package/lib/server/chromium/crConnection.js:160:14
}
Call log:
- navigating to &amp;quot;https://demo.nopcommerce.com/&amp;quot;, waiting until &amp;quot;load&amp;quot;
">
      <![CDATA[com.microsoft.playwright.PlaywrightException: Error {
  message='net::ERR_ABORTED; maybe frame was detached?
  name='Error
  stack='Error: net::ERR_ABORTED; maybe frame was detached?
    at FrameManager.frameAbortedNavigation (/private/var/folders/sr/vtqrlkwn2t51ng8f2prxmvc40000gn/T/playwright-java-15833966131205632047/package/lib/server/frames.js:216:14)
    at FrameManager.requestFailed (/private/var/folders/sr/vtqrlkwn2t51ng8f2prxmvc40000gn/T/playwright-java-15833966131205632047/package/lib/server/frames.js:276:12)
    at CRNetworkManager._onLoadingFailed (/private/var/folders/sr/vtqrlkwn2t51ng8f2prxmvc40000gn/T/playwright-java-15833966131205632047/package/lib/server/chromium/crNetworkManager.js:511:134)
    at CRSession.emit (node:events:518:28)
    at /private/var/folders/sr/vtqrlkwn2t51ng8f2prxmvc40000gn/T/playwright-java-15833966131205632047/package/lib/server/chromium/crConnection.js:160:14
}
Call log:
- navigating to "https://demo.nopcommerce.com/", waiting until "load"

at com.microsoft.playwright.impl.WaitableResult.get(WaitableResult.java:56)
at com.microsoft.playwright.impl.ChannelOwner.runUntil(ChannelOwner.java:120)
at com.microsoft.playwright.impl.Connection.sendMessage(Connection.java:130)
at com.microsoft.playwright.impl.ChannelOwner.sendMessage(ChannelOwner.java:106)
at com.microsoft.playwright.impl.FrameImpl.navigateImpl(FrameImpl.java:463)
at com.microsoft.playwright.impl.PageImpl.lambda$navigate$46(PageImpl.java:927)
at com.microsoft.playwright.impl.LoggingSupport.withLogging(LoggingSupport.java:47)
at com.microsoft.playwright.impl.ChannelOwner.withLogging(ChannelOwner.java:89)
at com.microsoft.playwright.impl.PageImpl.navigate(PageImpl.java:927)
at com.microsoft.playwright.impl.PageImpl.navigate(PageImpl.java:42)
at com.microsoft.playwright.Page.navigate(Page.java:5530)
at stepdefinitions.CommonSteps.open_homepage(CommonSteps.java:16)
at ✽.I open the nopCommerce demo homepage(file:///Users/rajprajapati/CascadeProjects/Playwright_With_Java/src/test/resources/features/Register.feature:4)
Caused by: com.microsoft.playwright.impl.DriverException: Error {
  message='net::ERR_ABORTED; maybe frame was detached?
  name='Error
  stack='Error: net::ERR_ABORTED; maybe frame was detached?
    at FrameManager.frameAbortedNavigation (/private/var/folders/sr/vtqrlkwn2t51ng8f2prxmvc40000gn/T/playwright-java-15833966131205632047/package/lib/server/frames.js:216:14)
    at FrameManager.requestFailed (/private/var/folders/sr/vtqrlkwn2t51ng8f2prxmvc40000gn/T/playwright-java-15833966131205632047/package/lib/server/frames.js:276:12)
    at CRNetworkManager._onLoadingFailed (/private/var/folders/sr/vtqrlkwn2t51ng8f2prxmvc40000gn/T/playwright-java-15833966131205632047/package/lib/server/chromium/crNetworkManager.js:511:134)
    at CRSession.emit (node:events:518:28)
    at /private/var/folders/sr/vtqrlkwn2t51ng8f2prxmvc40000gn/T/playwright-java-15833966131205632047/package/lib/server/chromium/crConnection.js:160:14
}
Call log:
- navigating to "https://demo.nopcommerce.com/", waiting until "load"

at com.microsoft.playwright.impl.Connection.dispatch(Connection.java:259)
at com.microsoft.playwright.impl.Connection.processOneMessage(Connection.java:211)
at com.microsoft.playwright.impl.ChannelOwner.runUntil(ChannelOwner.java:118)
at com.microsoft.playwright.impl.Connection.sendMessage(Connection.java:130)
at com.microsoft.playwright.impl.ChannelOwner.sendMessage(ChannelOwner.java:106)
at com.microsoft.playwright.impl.FrameImpl.navigateImpl(FrameImpl.java:463)
at com.microsoft.playwright.impl.PageImpl.lambda$navigate$46(PageImpl.java:927)
at com.microsoft.playwright.impl.LoggingSupport.withLogging(LoggingSupport.java:47)
at com.microsoft.playwright.impl.ChannelOwner.withLogging(ChannelOwner.java:89)
at com.microsoft.playwright.impl.PageImpl.navigate(PageImpl.java:927)
at com.microsoft.playwright.impl.PageImpl.navigate(PageImpl.java:42)
at com.microsoft.playwright.Page.navigate(Page.java:5530)
at stepdefinitions.CommonSteps.open_homepage(CommonSteps.java:16)
at io.cucumber.java.Invoker.doInvoke(Invoker.java:66)
at io.cucumber.java.Invoker.invoke(Invoker.java:24)
at io.cucumber.java.AbstractGlueDefinition.invokeMethod(AbstractGlueDefinition.java:47)
at io.cucumber.java.JavaStepDefinition.execute(JavaStepDefinition.java:29)
at io.cucumber.core.runner.CoreStepDefinition.execute(CoreStepDefinition.java:66)
at io.cucumber.core.runner.PickleStepDefinitionMatch.runStep(PickleStepDefinitionMatch.java:63)
at io.cucumber.core.runner.ExecutionMode$1.execute(ExecutionMode.java:10)
at io.cucumber.core.runner.TestStep.executeStep(TestStep.java:84)
at io.cucumber.core.runner.TestStep.run(TestStep.java:56)
at io.cucumber.core.runner.PickleStepTestStep.run(PickleStepTestStep.java:51)
at io.cucumber.core.runner.TestCase.run(TestCase.java:84)
at io.cucumber.core.runner.Runner.runPickle(Runner.java:75)
at io.cucumber.testng.TestNGCucumberRunner.lambda$runScenario$1(TestNGCucumberRunner.java:132)
at io.cucumber.core.runtime.CucumberExecutionContext.lambda$runTestCase$5(CucumberExecutionContext.java:137)
at io.cucumber.core.runtime.RethrowingThrowableCollector.executeAndThrow(RethrowingThrowableCollector.java:23)
at io.cucumber.core.runtime.CucumberExecutionContext.runTestCase(CucumberExecutionContext.java:137)
at io.cucumber.testng.TestNGCucumberRunner.runScenario(TestNGCucumberRunner.java:129)
at io.cucumber.testng.AbstractTestNGCucumberTests.runScenario(AbstractTestNGCucumberTests.java:35)
at java.base/java.util.ArrayList.forEach(ArrayList.java:1597)
... Removed 32 stack frames]]>
    </failure>
  </testcase> <!-- runScenario -->
  <testcase classname="io.cucumber.testng.AbstractTestNGCucumberTests" name="runScenario" time="1.126">
    <failure type="com.microsoft.playwright.PlaywrightException" message="Error {
  message=&amp;apos;net::ERR_ABORTED; maybe frame was detached?
  name=&amp;apos;Error
  stack=&amp;apos;Error: net::ERR_ABORTED; maybe frame was detached?
    at FrameManager.frameAbortedNavigation (/private/var/folders/sr/vtqrlkwn2t51ng8f2prxmvc40000gn/T/playwright-java-15833966131205632047/package/lib/server/frames.js:216:14)
    at FrameManager.requestFailed (/private/var/folders/sr/vtqrlkwn2t51ng8f2prxmvc40000gn/T/playwright-java-15833966131205632047/package/lib/server/frames.js:276:12)
    at CRNetworkManager._onLoadingFailed (/private/var/folders/sr/vtqrlkwn2t51ng8f2prxmvc40000gn/T/playwright-java-15833966131205632047/package/lib/server/chromium/crNetworkManager.js:511:134)
    at CRSession.emit (node:events:518:28)
    at /private/var/folders/sr/vtqrlkwn2t51ng8f2prxmvc40000gn/T/playwright-java-15833966131205632047/package/lib/server/chromium/crConnection.js:160:14
}
Call log:
- navigating to &amp;quot;https://demo.nopcommerce.com/&amp;quot;, waiting until &amp;quot;load&amp;quot;
">
      <![CDATA[com.microsoft.playwright.PlaywrightException: Error {
  message='net::ERR_ABORTED; maybe frame was detached?
  name='Error
  stack='Error: net::ERR_ABORTED; maybe frame was detached?
    at FrameManager.frameAbortedNavigation (/private/var/folders/sr/vtqrlkwn2t51ng8f2prxmvc40000gn/T/playwright-java-15833966131205632047/package/lib/server/frames.js:216:14)
    at FrameManager.requestFailed (/private/var/folders/sr/vtqrlkwn2t51ng8f2prxmvc40000gn/T/playwright-java-15833966131205632047/package/lib/server/frames.js:276:12)
    at CRNetworkManager._onLoadingFailed (/private/var/folders/sr/vtqrlkwn2t51ng8f2prxmvc40000gn/T/playwright-java-15833966131205632047/package/lib/server/chromium/crNetworkManager.js:511:134)
    at CRSession.emit (node:events:518:28)
    at /private/var/folders/sr/vtqrlkwn2t51ng8f2prxmvc40000gn/T/playwright-java-15833966131205632047/package/lib/server/chromium/crConnection.js:160:14
}
Call log:
- navigating to "https://demo.nopcommerce.com/", waiting until "load"

at com.microsoft.playwright.impl.WaitableResult.get(WaitableResult.java:56)
at com.microsoft.playwright.impl.ChannelOwner.runUntil(ChannelOwner.java:120)
at com.microsoft.playwright.impl.Connection.sendMessage(Connection.java:130)
at com.microsoft.playwright.impl.ChannelOwner.sendMessage(ChannelOwner.java:106)
at com.microsoft.playwright.impl.FrameImpl.navigateImpl(FrameImpl.java:463)
at com.microsoft.playwright.impl.PageImpl.lambda$navigate$46(PageImpl.java:927)
at com.microsoft.playwright.impl.LoggingSupport.withLogging(LoggingSupport.java:47)
at com.microsoft.playwright.impl.ChannelOwner.withLogging(ChannelOwner.java:89)
at com.microsoft.playwright.impl.PageImpl.navigate(PageImpl.java:927)
at com.microsoft.playwright.impl.PageImpl.navigate(PageImpl.java:42)
at com.microsoft.playwright.Page.navigate(Page.java:5530)
at stepdefinitions.CommonSteps.open_homepage(CommonSteps.java:16)
at ✽.I open the nopCommerce demo homepage(file:///Users/rajprajapati/CascadeProjects/Playwright_With_Java/src/test/resources/features/Search.feature:7)
Caused by: com.microsoft.playwright.impl.DriverException: Error {
  message='net::ERR_ABORTED; maybe frame was detached?
  name='Error
  stack='Error: net::ERR_ABORTED; maybe frame was detached?
    at FrameManager.frameAbortedNavigation (/private/var/folders/sr/vtqrlkwn2t51ng8f2prxmvc40000gn/T/playwright-java-15833966131205632047/package/lib/server/frames.js:216:14)
    at FrameManager.requestFailed (/private/var/folders/sr/vtqrlkwn2t51ng8f2prxmvc40000gn/T/playwright-java-15833966131205632047/package/lib/server/frames.js:276:12)
    at CRNetworkManager._onLoadingFailed (/private/var/folders/sr/vtqrlkwn2t51ng8f2prxmvc40000gn/T/playwright-java-15833966131205632047/package/lib/server/chromium/crNetworkManager.js:511:134)
    at CRSession.emit (node:events:518:28)
    at /private/var/folders/sr/vtqrlkwn2t51ng8f2prxmvc40000gn/T/playwright-java-15833966131205632047/package/lib/server/chromium/crConnection.js:160:14
}
Call log:
- navigating to "https://demo.nopcommerce.com/", waiting until "load"

at com.microsoft.playwright.impl.Connection.dispatch(Connection.java:259)
at com.microsoft.playwright.impl.Connection.processOneMessage(Connection.java:211)
at com.microsoft.playwright.impl.ChannelOwner.runUntil(ChannelOwner.java:118)
at com.microsoft.playwright.impl.Connection.sendMessage(Connection.java:130)
at com.microsoft.playwright.impl.ChannelOwner.sendMessage(ChannelOwner.java:106)
at com.microsoft.playwright.impl.FrameImpl.navigateImpl(FrameImpl.java:463)
at com.microsoft.playwright.impl.PageImpl.lambda$navigate$46(PageImpl.java:927)
at com.microsoft.playwright.impl.LoggingSupport.withLogging(LoggingSupport.java:47)
at com.microsoft.playwright.impl.ChannelOwner.withLogging(ChannelOwner.java:89)
at com.microsoft.playwright.impl.PageImpl.navigate(PageImpl.java:927)
at com.microsoft.playwright.impl.PageImpl.navigate(PageImpl.java:42)
at com.microsoft.playwright.Page.navigate(Page.java:5530)
at stepdefinitions.CommonSteps.open_homepage(CommonSteps.java:16)
at io.cucumber.java.Invoker.doInvoke(Invoker.java:66)
at io.cucumber.java.Invoker.invoke(Invoker.java:24)
at io.cucumber.java.AbstractGlueDefinition.invokeMethod(AbstractGlueDefinition.java:47)
at io.cucumber.java.JavaStepDefinition.execute(JavaStepDefinition.java:29)
at io.cucumber.core.runner.CoreStepDefinition.execute(CoreStepDefinition.java:66)
at io.cucumber.core.runner.PickleStepDefinitionMatch.runStep(PickleStepDefinitionMatch.java:63)
at io.cucumber.core.runner.ExecutionMode$1.execute(ExecutionMode.java:10)
at io.cucumber.core.runner.TestStep.executeStep(TestStep.java:84)
at io.cucumber.core.runner.TestStep.run(TestStep.java:56)
at io.cucumber.core.runner.PickleStepTestStep.run(PickleStepTestStep.java:51)
at io.cucumber.core.runner.TestCase.run(TestCase.java:84)
at io.cucumber.core.runner.Runner.runPickle(Runner.java:75)
at io.cucumber.testng.TestNGCucumberRunner.lambda$runScenario$1(TestNGCucumberRunner.java:132)
at io.cucumber.core.runtime.CucumberExecutionContext.lambda$runTestCase$5(CucumberExecutionContext.java:137)
at io.cucumber.core.runtime.RethrowingThrowableCollector.executeAndThrow(RethrowingThrowableCollector.java:23)
at io.cucumber.core.runtime.CucumberExecutionContext.runTestCase(CucumberExecutionContext.java:137)
at io.cucumber.testng.TestNGCucumberRunner.runScenario(TestNGCucumberRunner.java:129)
at io.cucumber.testng.AbstractTestNGCucumberTests.runScenario(AbstractTestNGCucumberTests.java:35)
at java.base/java.util.ArrayList.forEach(ArrayList.java:1597)
... Removed 32 stack frames]]>
    </failure>
  </testcase> <!-- runScenario -->
  <testcase classname="io.cucumber.testng.AbstractTestNGCucumberTests" name="runScenario" time="0.982">
    <failure type="com.microsoft.playwright.PlaywrightException" message="Error {
  message=&amp;apos;net::ERR_ABORTED; maybe frame was detached?
  name=&amp;apos;Error
  stack=&amp;apos;Error: net::ERR_ABORTED; maybe frame was detached?
    at FrameManager.frameAbortedNavigation (/private/var/folders/sr/vtqrlkwn2t51ng8f2prxmvc40000gn/T/playwright-java-15833966131205632047/package/lib/server/frames.js:216:14)
    at FrameManager.requestFailed (/private/var/folders/sr/vtqrlkwn2t51ng8f2prxmvc40000gn/T/playwright-java-15833966131205632047/package/lib/server/frames.js:276:12)
    at CRNetworkManager._onLoadingFailed (/private/var/folders/sr/vtqrlkwn2t51ng8f2prxmvc40000gn/T/playwright-java-15833966131205632047/package/lib/server/chromium/crNetworkManager.js:511:134)
    at CRSession.emit (node:events:518:28)
    at /private/var/folders/sr/vtqrlkwn2t51ng8f2prxmvc40000gn/T/playwright-java-15833966131205632047/package/lib/server/chromium/crConnection.js:160:14
}
Call log:
- navigating to &amp;quot;https://demo.nopcommerce.com/&amp;quot;, waiting until &amp;quot;load&amp;quot;
">
      <![CDATA[com.microsoft.playwright.PlaywrightException: Error {
  message='net::ERR_ABORTED; maybe frame was detached?
  name='Error
  stack='Error: net::ERR_ABORTED; maybe frame was detached?
    at FrameManager.frameAbortedNavigation (/private/var/folders/sr/vtqrlkwn2t51ng8f2prxmvc40000gn/T/playwright-java-15833966131205632047/package/lib/server/frames.js:216:14)
    at FrameManager.requestFailed (/private/var/folders/sr/vtqrlkwn2t51ng8f2prxmvc40000gn/T/playwright-java-15833966131205632047/package/lib/server/frames.js:276:12)
    at CRNetworkManager._onLoadingFailed (/private/var/folders/sr/vtqrlkwn2t51ng8f2prxmvc40000gn/T/playwright-java-15833966131205632047/package/lib/server/chromium/crNetworkManager.js:511:134)
    at CRSession.emit (node:events:518:28)
    at /private/var/folders/sr/vtqrlkwn2t51ng8f2prxmvc40000gn/T/playwright-java-15833966131205632047/package/lib/server/chromium/crConnection.js:160:14
}
Call log:
- navigating to "https://demo.nopcommerce.com/", waiting until "load"

at com.microsoft.playwright.impl.WaitableResult.get(WaitableResult.java:56)
at com.microsoft.playwright.impl.ChannelOwner.runUntil(ChannelOwner.java:120)
at com.microsoft.playwright.impl.Connection.sendMessage(Connection.java:130)
at com.microsoft.playwright.impl.ChannelOwner.sendMessage(ChannelOwner.java:106)
at com.microsoft.playwright.impl.FrameImpl.navigateImpl(FrameImpl.java:463)
at com.microsoft.playwright.impl.PageImpl.lambda$navigate$46(PageImpl.java:927)
at com.microsoft.playwright.impl.LoggingSupport.withLogging(LoggingSupport.java:47)
at com.microsoft.playwright.impl.ChannelOwner.withLogging(ChannelOwner.java:89)
at com.microsoft.playwright.impl.PageImpl.navigate(PageImpl.java:927)
at com.microsoft.playwright.impl.PageImpl.navigate(PageImpl.java:42)
at com.microsoft.playwright.Page.navigate(Page.java:5530)
at stepdefinitions.CommonSteps.open_homepage(CommonSteps.java:16)
at ✽.I open the nopCommerce demo homepage(file:///Users/rajprajapati/CascadeProjects/Playwright_With_Java/src/test/resources/features/Search.feature:13)
Caused by: com.microsoft.playwright.impl.DriverException: Error {
  message='net::ERR_ABORTED; maybe frame was detached?
  name='Error
  stack='Error: net::ERR_ABORTED; maybe frame was detached?
    at FrameManager.frameAbortedNavigation (/private/var/folders/sr/vtqrlkwn2t51ng8f2prxmvc40000gn/T/playwright-java-15833966131205632047/package/lib/server/frames.js:216:14)
    at FrameManager.requestFailed (/private/var/folders/sr/vtqrlkwn2t51ng8f2prxmvc40000gn/T/playwright-java-15833966131205632047/package/lib/server/frames.js:276:12)
    at CRNetworkManager._onLoadingFailed (/private/var/folders/sr/vtqrlkwn2t51ng8f2prxmvc40000gn/T/playwright-java-15833966131205632047/package/lib/server/chromium/crNetworkManager.js:511:134)
    at CRSession.emit (node:events:518:28)
    at /private/var/folders/sr/vtqrlkwn2t51ng8f2prxmvc40000gn/T/playwright-java-15833966131205632047/package/lib/server/chromium/crConnection.js:160:14
}
Call log:
- navigating to "https://demo.nopcommerce.com/", waiting until "load"

at com.microsoft.playwright.impl.Connection.dispatch(Connection.java:259)
at com.microsoft.playwright.impl.Connection.processOneMessage(Connection.java:211)
at com.microsoft.playwright.impl.ChannelOwner.runUntil(ChannelOwner.java:118)
at com.microsoft.playwright.impl.Connection.sendMessage(Connection.java:130)
at com.microsoft.playwright.impl.ChannelOwner.sendMessage(ChannelOwner.java:106)
at com.microsoft.playwright.impl.FrameImpl.navigateImpl(FrameImpl.java:463)
at com.microsoft.playwright.impl.PageImpl.lambda$navigate$46(PageImpl.java:927)
at com.microsoft.playwright.impl.LoggingSupport.withLogging(LoggingSupport.java:47)
at com.microsoft.playwright.impl.ChannelOwner.withLogging(ChannelOwner.java:89)
at com.microsoft.playwright.impl.PageImpl.navigate(PageImpl.java:927)
at com.microsoft.playwright.impl.PageImpl.navigate(PageImpl.java:42)
at com.microsoft.playwright.Page.navigate(Page.java:5530)
at stepdefinitions.CommonSteps.open_homepage(CommonSteps.java:16)
at io.cucumber.java.Invoker.doInvoke(Invoker.java:66)
at io.cucumber.java.Invoker.invoke(Invoker.java:24)
at io.cucumber.java.AbstractGlueDefinition.invokeMethod(AbstractGlueDefinition.java:47)
at io.cucumber.java.JavaStepDefinition.execute(JavaStepDefinition.java:29)
at io.cucumber.core.runner.CoreStepDefinition.execute(CoreStepDefinition.java:66)
at io.cucumber.core.runner.PickleStepDefinitionMatch.runStep(PickleStepDefinitionMatch.java:63)
at io.cucumber.core.runner.ExecutionMode$1.execute(ExecutionMode.java:10)
at io.cucumber.core.runner.TestStep.executeStep(TestStep.java:84)
at io.cucumber.core.runner.TestStep.run(TestStep.java:56)
at io.cucumber.core.runner.PickleStepTestStep.run(PickleStepTestStep.java:51)
at io.cucumber.core.runner.TestCase.run(TestCase.java:84)
at io.cucumber.core.runner.Runner.runPickle(Runner.java:75)
at io.cucumber.testng.TestNGCucumberRunner.lambda$runScenario$1(TestNGCucumberRunner.java:132)
at io.cucumber.core.runtime.CucumberExecutionContext.lambda$runTestCase$5(CucumberExecutionContext.java:137)
at io.cucumber.core.runtime.RethrowingThrowableCollector.executeAndThrow(RethrowingThrowableCollector.java:23)
at io.cucumber.core.runtime.CucumberExecutionContext.runTestCase(CucumberExecutionContext.java:137)
at io.cucumber.testng.TestNGCucumberRunner.runScenario(TestNGCucumberRunner.java:129)
at io.cucumber.testng.AbstractTestNGCucumberTests.runScenario(AbstractTestNGCucumberTests.java:35)
at java.base/java.util.ArrayList.forEach(ArrayList.java:1597)
... Removed 32 stack frames]]>
    </failure>
  </testcase> <!-- runScenario -->
  <testcase classname="io.cucumber.testng.AbstractTestNGCucumberTests" name="runScenario" time="0.797">
    <failure type="com.microsoft.playwright.PlaywrightException" message="Error {
  message=&amp;apos;net::ERR_ABORTED; maybe frame was detached?
  name=&amp;apos;Error
  stack=&amp;apos;Error: net::ERR_ABORTED; maybe frame was detached?
    at FrameManager.frameAbortedNavigation (/private/var/folders/sr/vtqrlkwn2t51ng8f2prxmvc40000gn/T/playwright-java-15833966131205632047/package/lib/server/frames.js:216:14)
    at FrameManager.requestFailed (/private/var/folders/sr/vtqrlkwn2t51ng8f2prxmvc40000gn/T/playwright-java-15833966131205632047/package/lib/server/frames.js:276:12)
    at CRNetworkManager._onLoadingFailed (/private/var/folders/sr/vtqrlkwn2t51ng8f2prxmvc40000gn/T/playwright-java-15833966131205632047/package/lib/server/chromium/crNetworkManager.js:511:134)
    at CRSession.emit (node:events:518:28)
    at /private/var/folders/sr/vtqrlkwn2t51ng8f2prxmvc40000gn/T/playwright-java-15833966131205632047/package/lib/server/chromium/crConnection.js:160:14
}
Call log:
- navigating to &amp;quot;https://demo.nopcommerce.com/&amp;quot;, waiting until &amp;quot;load&amp;quot;
">
      <![CDATA[com.microsoft.playwright.PlaywrightException: Error {
  message='net::ERR_ABORTED; maybe frame was detached?
  name='Error
  stack='Error: net::ERR_ABORTED; maybe frame was detached?
    at FrameManager.frameAbortedNavigation (/private/var/folders/sr/vtqrlkwn2t51ng8f2prxmvc40000gn/T/playwright-java-15833966131205632047/package/lib/server/frames.js:216:14)
    at FrameManager.requestFailed (/private/var/folders/sr/vtqrlkwn2t51ng8f2prxmvc40000gn/T/playwright-java-15833966131205632047/package/lib/server/frames.js:276:12)
    at CRNetworkManager._onLoadingFailed (/private/var/folders/sr/vtqrlkwn2t51ng8f2prxmvc40000gn/T/playwright-java-15833966131205632047/package/lib/server/chromium/crNetworkManager.js:511:134)
    at CRSession.emit (node:events:518:28)
    at /private/var/folders/sr/vtqrlkwn2t51ng8f2prxmvc40000gn/T/playwright-java-15833966131205632047/package/lib/server/chromium/crConnection.js:160:14
}
Call log:
- navigating to "https://demo.nopcommerce.com/", waiting until "load"

at com.microsoft.playwright.impl.WaitableResult.get(WaitableResult.java:56)
at com.microsoft.playwright.impl.ChannelOwner.runUntil(ChannelOwner.java:120)
at com.microsoft.playwright.impl.Connection.sendMessage(Connection.java:130)
at com.microsoft.playwright.impl.ChannelOwner.sendMessage(ChannelOwner.java:106)
at com.microsoft.playwright.impl.FrameImpl.navigateImpl(FrameImpl.java:463)
at com.microsoft.playwright.impl.PageImpl.lambda$navigate$46(PageImpl.java:927)
at com.microsoft.playwright.impl.LoggingSupport.withLogging(LoggingSupport.java:47)
at com.microsoft.playwright.impl.ChannelOwner.withLogging(ChannelOwner.java:89)
at com.microsoft.playwright.impl.PageImpl.navigate(PageImpl.java:927)
at com.microsoft.playwright.impl.PageImpl.navigate(PageImpl.java:42)
at com.microsoft.playwright.Page.navigate(Page.java:5530)
at stepdefinitions.CommonSteps.open_homepage(CommonSteps.java:16)
at ✽.I open the nopCommerce demo homepage(file:///Users/rajprajapati/CascadeProjects/Playwright_With_Java/src/test/resources/features/Search.feature:19)
Caused by: com.microsoft.playwright.impl.DriverException: Error {
  message='net::ERR_ABORTED; maybe frame was detached?
  name='Error
  stack='Error: net::ERR_ABORTED; maybe frame was detached?
    at FrameManager.frameAbortedNavigation (/private/var/folders/sr/vtqrlkwn2t51ng8f2prxmvc40000gn/T/playwright-java-15833966131205632047/package/lib/server/frames.js:216:14)
    at FrameManager.requestFailed (/private/var/folders/sr/vtqrlkwn2t51ng8f2prxmvc40000gn/T/playwright-java-15833966131205632047/package/lib/server/frames.js:276:12)
    at CRNetworkManager._onLoadingFailed (/private/var/folders/sr/vtqrlkwn2t51ng8f2prxmvc40000gn/T/playwright-java-15833966131205632047/package/lib/server/chromium/crNetworkManager.js:511:134)
    at CRSession.emit (node:events:518:28)
    at /private/var/folders/sr/vtqrlkwn2t51ng8f2prxmvc40000gn/T/playwright-java-15833966131205632047/package/lib/server/chromium/crConnection.js:160:14
}
Call log:
- navigating to "https://demo.nopcommerce.com/", waiting until "load"

at com.microsoft.playwright.impl.Connection.dispatch(Connection.java:259)
at com.microsoft.playwright.impl.Connection.processOneMessage(Connection.java:211)
at com.microsoft.playwright.impl.ChannelOwner.runUntil(ChannelOwner.java:118)
at com.microsoft.playwright.impl.Connection.sendMessage(Connection.java:130)
at com.microsoft.playwright.impl.ChannelOwner.sendMessage(ChannelOwner.java:106)
at com.microsoft.playwright.impl.FrameImpl.navigateImpl(FrameImpl.java:463)
at com.microsoft.playwright.impl.PageImpl.lambda$navigate$46(PageImpl.java:927)
at com.microsoft.playwright.impl.LoggingSupport.withLogging(LoggingSupport.java:47)
at com.microsoft.playwright.impl.ChannelOwner.withLogging(ChannelOwner.java:89)
at com.microsoft.playwright.impl.PageImpl.navigate(PageImpl.java:927)
at com.microsoft.playwright.impl.PageImpl.navigate(PageImpl.java:42)
at com.microsoft.playwright.Page.navigate(Page.java:5530)
at stepdefinitions.CommonSteps.open_homepage(CommonSteps.java:16)
at io.cucumber.java.Invoker.doInvoke(Invoker.java:66)
at io.cucumber.java.Invoker.invoke(Invoker.java:24)
at io.cucumber.java.AbstractGlueDefinition.invokeMethod(AbstractGlueDefinition.java:47)
at io.cucumber.java.JavaStepDefinition.execute(JavaStepDefinition.java:29)
at io.cucumber.core.runner.CoreStepDefinition.execute(CoreStepDefinition.java:66)
at io.cucumber.core.runner.PickleStepDefinitionMatch.runStep(PickleStepDefinitionMatch.java:63)
at io.cucumber.core.runner.ExecutionMode$1.execute(ExecutionMode.java:10)
at io.cucumber.core.runner.TestStep.executeStep(TestStep.java:84)
at io.cucumber.core.runner.TestStep.run(TestStep.java:56)
at io.cucumber.core.runner.PickleStepTestStep.run(PickleStepTestStep.java:51)
at io.cucumber.core.runner.TestCase.run(TestCase.java:84)
at io.cucumber.core.runner.Runner.runPickle(Runner.java:75)
at io.cucumber.testng.TestNGCucumberRunner.lambda$runScenario$1(TestNGCucumberRunner.java:132)
at io.cucumber.core.runtime.CucumberExecutionContext.lambda$runTestCase$5(CucumberExecutionContext.java:137)
at io.cucumber.core.runtime.RethrowingThrowableCollector.executeAndThrow(RethrowingThrowableCollector.java:23)
at io.cucumber.core.runtime.CucumberExecutionContext.runTestCase(CucumberExecutionContext.java:137)
at io.cucumber.testng.TestNGCucumberRunner.runScenario(TestNGCucumberRunner.java:129)
at io.cucumber.testng.AbstractTestNGCucumberTests.runScenario(AbstractTestNGCucumberTests.java:35)
at java.base/java.util.ArrayList.forEach(ArrayList.java:1597)
... Removed 32 stack frames]]>
    </failure>
  </testcase> <!-- runScenario -->
</testsuite> <!-- Surefire test -->
